2024-12-17 19:51:55,287 CRIT Supervisor is running as root.  Privileges were not dropped because no user is specified in the config file.  If you intend to run as root, you can set user=root in the config file to avoid this message.
2024-12-17 19:51:55,293 INFO supervisord started with pid 1
2024-12-17 19:51:56,280 INFO spawned: 'nginx' with pid 8
2024-12-17 19:51:56,282 INFO spawned: 'sshd' with pid 9
2024-12-17 19:51:57,290 INFO success: nginx entered RUNNING state, process has stayed up for > than 1 seconds (startsecs)
2024-12-17 19:51:57,291 INFO success: sshd entered RUNNING state, process has stayed up for > than 1 seconds (startsecs)
2024-12-17 19:52:00,304 INFO reaped unknown pid 23 (exit status 255)
2024-12-17 19:52:03,310 INFO reaped unknown pid 25 (exit status 255)
2024-12-17 19:53:36,572 INFO reaped unknown pid 61 (terminated by SIGHUP)
2024-12-17 20:00:46,742 INFO reaped unknown pid 78 (terminated by SIGHUP)
2024-12-17 20:00:54,751 WARN received SIGTERM indicating exit request
2024-12-17 20:00:54,752 INFO waiting for nginx, sshd to die
2024-12-17 20:00:55,755 INFO stopped: sshd (exit status 0)
2024-12-17 20:00:55,759 INFO stopped: nginx (exit status 0)
2024-12-17 20:00:59,320 CRIT Supervisor is running as root.  Privileges were not dropped because no user is specified in the config file.  If you intend to run as root, you can set user=root in the config file to avoid this message.
2024-12-17 20:00:59,328 INFO supervisord started with pid 1
2024-12-17 20:01:00,333 INFO spawned: 'nginx' with pid 8
2024-12-17 20:01:00,337 INFO spawned: 'sshd' with pid 9
2024-12-17 20:01:01,345 INFO success: nginx entered RUNNING state, process has stayed up for > than 1 seconds (startsecs)
2024-12-17 20:01:01,346 INFO success: sshd entered RUNNING state, process has stayed up for > than 1 seconds (startsecs)
2024-12-17 20:17:37,146 WARN received SIGTERM indicating exit request
2024-12-17 20:17:37,150 INFO waiting for nginx, sshd to die
2024-12-17 20:17:38,154 INFO stopped: sshd (exit status 0)
2024-12-17 20:17:38,170 INFO stopped: nginx (exit status 0)
2024-12-17 20:17:41,374 CRIT Supervisor is running as root.  Privileges were not dropped because no user is specified in the config file.  If you intend to run as root, you can set user=root in the config file to avoid this message.
2024-12-17 20:17:41,380 INFO supervisord started with pid 1
2024-12-17 20:17:42,384 INFO spawned: 'nginx' with pid 7
2024-12-17 20:17:42,386 INFO spawned: 'sshd' with pid 8
2024-12-17 20:17:43,396 INFO success: nginx entered RUNNING state, process has stayed up for > than 1 seconds (startsecs)
2024-12-17 20:17:43,397 INFO success: sshd entered RUNNING state, process has stayed up for > than 1 seconds (startsecs)
2024-12-17 20:18:21,484 WARN received SIGTERM indicating exit request
2024-12-17 20:18:21,489 INFO waiting for nginx, sshd to die
2024-12-17 20:18:21,493 INFO stopped: sshd (exit status 0)
2024-12-17 20:18:21,503 INFO stopped: nginx (exit status 0)
2024-12-17 20:18:25,451 CRIT Supervisor is running as root.  Privileges were not dropped because no user is specified in the config file.  If you intend to run as root, you can set user=root in the config file to avoid this message.
2024-12-17 20:18:25,457 INFO supervisord started with pid 1
2024-12-17 20:18:26,460 INFO spawned: 'nginx' with pid 7
2024-12-17 20:18:26,465 INFO spawned: 'sshd' with pid 8
2024-12-17 20:18:27,478 INFO success: nginx entered RUNNING state, process has stayed up for > than 1 seconds (startsecs)
2024-12-17 20:18:27,482 INFO success: sshd entered RUNNING state, process has stayed up for > than 1 seconds (startsecs)
2024-12-17 20:18:49,557 WARN received SIGTERM indicating exit request
2024-12-17 20:18:49,559 INFO waiting for nginx, sshd to die
2024-12-17 20:18:49,560 INFO stopped: sshd (exit status 0)
2024-12-17 20:18:49,568 INFO stopped: nginx (exit status 0)
2024-12-17 20:18:52,129 CRIT Supervisor is running as root.  Privileges were not dropped because no user is specified in the config file.  If you intend to run as root, you can set user=root in the config file to avoid this message.
2024-12-17 20:18:52,136 INFO supervisord started with pid 1
2024-12-17 20:18:53,139 INFO spawned: 'nginx' with pid 7
2024-12-17 20:18:53,141 INFO spawned: 'sshd' with pid 8
2024-12-17 20:18:54,152 INFO success: nginx entered RUNNING state, process has stayed up for > than 1 seconds (startsecs)
2024-12-17 20:18:54,152 INFO success: sshd entered RUNNING state, process has stayed up for > than 1 seconds (startsecs)
2024-12-17 20:19:13,232 WARN received SIGTERM indicating exit request
2024-12-17 20:19:13,234 INFO waiting for nginx, sshd to die
2024-12-17 20:19:13,240 INFO stopped: sshd (exit status 0)
2024-12-17 20:19:13,258 INFO stopped: nginx (exit status 0)
2024-12-17 20:19:16,069 CRIT Supervisor is running as root.  Privileges were not dropped because no user is specified in the config file.  If you intend to run as root, you can set user=root in the config file to avoid this message.
2024-12-17 20:19:16,077 INFO supervisord started with pid 1
2024-12-17 20:19:17,081 INFO spawned: 'nginx' with pid 7
2024-12-17 20:19:17,087 INFO spawned: 'sshd' with pid 8
2024-12-17 20:19:18,104 INFO success: nginx entered RUNNING state, process has stayed up for > than 1 seconds (startsecs)
2024-12-17 20:19:18,106 INFO success: sshd entered RUNNING state, process has stayed up for > than 1 seconds (startsecs)
2024-12-17 20:29:54,611 INFO exited: nginx (exit status 0; expected)
2024-12-17 20:29:55,614 INFO spawned: 'nginx' with pid 400
2024-12-17 20:29:56,656 INFO success: nginx entered RUNNING state, process has stayed up for > than 1 seconds (startsecs)
2024-12-17 20:30:48,821 INFO exited: nginx (exit status 0; expected)
2024-12-17 20:30:49,827 INFO spawned: 'nginx' with pid 427
2024-12-17 20:30:50,839 INFO success: nginx entered RUNNING state, process has stayed up for > than 1 seconds (startsecs)
2024-12-17 20:30:52,343 WARN exited: nginx (exit status 1; not expected)
2024-12-17 20:30:53,352 INFO spawned: 'nginx' with pid 428
2024-12-17 20:30:54,369 INFO success: nginx entered RUNNING state, process has stayed up for > than 1 seconds (startsecs)
2024-12-17 20:30:55,866 INFO exited: nginx (exit status 0; expected)
2024-12-17 20:30:56,870 INFO spawned: 'nginx' with pid 455
2024-12-17 20:30:57,883 INFO success: nginx entered RUNNING state, process has stayed up for > than 1 seconds (startsecs)
2024-12-17 20:30:59,385 WARN exited: nginx (exit status 1; not expected)
2024-12-17 20:31:00,448 INFO spawned: 'nginx' with pid 456
2024-12-17 20:31:01,459 INFO success: nginx entered RUNNING state, process has stayed up for > than 1 seconds (startsecs)
2024-12-17 20:57:52,099 WARN received SIGTERM indicating exit request
2024-12-17 20:57:52,102 INFO waiting for nginx, sshd to die
2024-12-17 20:57:53,106 INFO stopped: sshd (exit status 0)
2024-12-17 20:57:53,120 INFO stopped: nginx (exit status 0)
